============================================================
Building Master List of All Locations
============================================================
  Property Type: rural
  Headless:      False
  Output Dir:    ./data
============================================================

  Loading page...
  ✓ Page loaded
  ✓ Selected rural properties

  Found 27 districts
  Districts: ['ALLURI SITHARAMA RAJU', 'ANAKAPALLI', 'ANANTAPUR', 'ANNAMAYYA', 'BAPATLA', 'CHITTOOR', 'EAST GODAVARI', 'ELURU', 'GUNTUR', 'KAKINADA', 'KONASEEMA', 'KRISHNA', 'KURNOOL', 'MARKAPURAM', 'NANDYAL', 'NTR', 'PALNADU', 'PARVATIPURAM MANYAM', 'PRAKASAM', 'SPSR NELLORE', 'SRI SATHYA SAI', 'SRIKAKULAM', 'TIRUPATI', 'VISAKHAPATNAM', 'VIZIANAGARAM', 'WEST GODAVARI', 'YSR KADAPA']


  [1/27] District: ALLURI SITHARAMA RAJU
  ──────────────────────────────────────────────────
    Found 22 mandals
    [1/22] Mandal: ADDATEEGALA — no villages
      ✗ Village dropdown empty, skipping
    [2/22] Mandal: ANANTHAGIRI — 271 villages
    [3/22] Mandal: ARAKU VALLEY — 159 villages
    [4/22] Mandal: CHINTAPALLE — 179 villages
    [5/22] Mandal: CHINTUR — no villages
      ✗ Village dropdown empty, skipping
    [6/22] Mandal: DEVIPATNAM — no villages
      ✗ Village dropdown empty, skipping
    [7/22] Mandal: DUMBRIGUDA — 87 villages
    [8/22] Mandal: GANGARAJU MADUGULA — 217 villages
    [9/22] Mandal: GANGAVARAM — no villages
      ✗ Village dropdown empty, skipping
    [10/22] Mandal: GUDEM KOTHAVEEDHI — 134 villages
    [11/22] Mandal: HUKUMPETA — 167 villages
    [12/22] Mandal: KOYYURU — 143 villages
    [13/22] Mandal: KUNAVARAM — no villages
      ✗ Village dropdown empty, skipping
    [14/22] Mandal: MAREDUMILLI — no villages
      ✗ Village dropdown empty, skipping
    [15/22] Mandal: MUNCHINGIPUTTU — 319 villages
    [16/22] Mandal: PADERU — 167 villages
    [17/22] Mandal: PEDABAYALU — 259 villages
    [18/22] Mandal: RAJAVOMMANGI — no villages
      ✗ Village dropdown empty, skipping
    [19/22] Mandal: RAMPACHODAVARAM — no villages
      ✗ Village dropdown empty, skipping
    [20/22] Mandal: VARARAMACHANDRAPURAM — no villages
      ✗ Village dropdown empty, skipping
    [21/22] Mandal: Y RAMAVARAM — no villages
      ✗ Village dropdown empty, skipping
    [22/22] Mandal: Yetapaka — no villages
      ✗ Village dropdown empty, skipping
    ✓ Progress saved (2102 total records)

  [2/27] District: ANAKAPALLI
  ──────────────────────────────────────────────────
    Found 24 mandals
    [1/24] Mandal: ANAKAPALLI — 45 villages
    [2/24] Mandal: ATCHUTAPURAM — 34 villages
    [3/24] Mandal: BUTCHAYYAPETA — 40 villages
    [4/24] Mandal: CHEEDIKADA — 34 villages
    [5/24] Mandal: CHODAVARAM — 31 villages
    [6/24] Mandal: DEVARAPALLE — 43 villages
    [7/24] Mandal: GOLUGONDA — 35 villages
    [8/24] Mandal: K KOTAPADU — 32 villages
    [9/24] Mandal: KASIMKOTA — 27 villages
    [10/24] Mandal: KOTAURATLA — 21 villages
    [11/24] Mandal: MADUGULA — 53 villages
    [12/24] Mandal: MAKAVARAPALEM — 26 villages
    [13/24] Mandal: MUNAGAPAKA — 28 villages
    [14/24] Mandal: NAKKAPALLI — 31 villages
    [15/24] Mandal: NARSIPATNAM — 14 villages
    [16/24] Mandal: NATHAVARAM — 31 villages
    [17/24] Mandal: PARAVADA — 20 villages
    [18/24] Mandal: PAYAKARAOPETA — 19 villages
    [19/24] Mandal: RAMBILLI — 31 villages
    [20/24] Mandal: RAVIKAMATHAM — 33 villages
    [21/24] Mandal: ROLUGUNTA — 30 villages
    [22/24] Mandal: S RAYAVARAM — 22 villages
    [23/24] Mandal: SABBAVARAM — 42 villages
    [24/24] Mandal: YELAMANCHILI — 16 villages
    ✓ Progress saved (2840 total records)

  [3/27] District: ANANTAPUR
  ──────────────────────────────────────────────────
    Found 32 mandals
    [1/32] Mandal: ANANTAPUR — 19 villages
    [2/32] Mandal: ANANTAPUR (U) — 2 villages
    [3/32] Mandal: ATMAKUR — 8 villages
    [4/32] Mandal: BELUGUPPA — 14 villages
    [5/32] Mandal: BOMMANAHAL — 16 villages
    [6/32] Mandal: BRAHMASAMUDRAM — 13 villages
    [7/32] Mandal: BUKKARAYASAMUDRAM — 14 villages
    [8/32] Mandal: D.HIRCHAL — 18 villages
    [9/32] Mandal: GARLADINNE — 18 villages
    [10/32] Mandal: GOOTY — 23 villages
    [11/32] Mandal: GUMMAGATTA — 11 villages
    [12/32] Mandal: GUNTAKAL — 19 villages
    [13/32] Mandal: KALYANDURG — 15 villages
    [14/32] Mandal: KAMBADUR — 12 villages
    [15/32] Mandal: KANEKAL — 17 villages
    [16/32] Mandal: KUDAIR — 13 villages
    [17/32] Mandal: KUNDURPI — 10 villages
    [18/32] Mandal: NARPALA — 12 villages
    [19/32] Mandal: PAMIDI — 22 villages
    [20/32] Mandal: PEDDAPAPPUR — 17 villages
    [21/32] Mandal: PEDDAVADUGUR — 24 villages
    [22/32] Mandal: PUTLUR — 17 villages
    [23/32] Mandal: RAPTADU — 11 villages
    [24/32] Mandal: RAYADURG — 15 villages
    [25/32] Mandal: SETTUR — 10 villages
    [26/32] Mandal: SINGANAMALA — 22 villages
    [27/32] Mandal: TADPATRI — 27 villages
    [28/32] Mandal: URAVAKONDA — 22 villages
    [29/32] Mandal: VAJRAKARUR — 16 villages
    [30/32] Mandal: VIDAPANAKAL — 14 villages
    [31/32] Mandal: YADIKI — 14 villages
    [32/32] Mandal: YELLANUR — 19 villages
    ✓ Progress saved (3344 total records)

  [4/27] District: ANNAMAYYA
  ──────────────────────────────────────────────────
    Found 30 mandals
    [1/30] Mandal: B KOTHAKOTA — 9 villages
    [2/30] Mandal: CHINNAMANDEM — 9 villages
    [3/30] Mandal: CHITVEL — no villages
      ✗ Village dropdown empty, skipping
    [4/30] Mandal: GALIVEEDU — 14 villages
    [5/30] Mandal: GURRAMKONDA — 9 villages
    [6/30] Mandal: KALAKADA — 16 villages
    [7/30] Mandal: KALIKIRI — 14 villages
    [8/30] Mandal: KAMBHAMVARIPALLE — 21 villages
    [9/30] Mandal: KODUR — no villages
      ✗ Village dropdown empty, skipping
    [10/30] Mandal: KURABALAKOTA — 8 villages
    [11/30] Mandal: LAKKIREDDIPALLE — 12 villages
    [12/30] Mandal: MADANAPALLE — 22 villages
    [13/30] Mandal: MULAKALACHERUVU — 17 villages
    [14/30] Mandal: NANDALUR — no villages
      ✗ Village dropdown empty, skipping
    [15/30] Mandal: NIMMANAPALLE — 10 villages
    [16/30] Mandal: OBULAVARIPALLE — no villages
      ✗ Village dropdown empty, skipping
    [17/30] Mandal: PEDDAMANDYAM — 9 villages
    [18/30] Mandal: PEDDATHIPPASAMUDRAM — 19 villages
    [19/30] Mandal: PENAGALURU — no villages
      ✗ Village dropdown empty, skipping
    [20/30] Mandal: PILERU — 15 villages
    [21/30] Mandal: PULLAMPETA — no villages
      ✗ Village dropdown empty, skipping
    [22/30] Mandal: RAJAMPET — 2 villages
    [23/30] Mandal: RAMAPURAM — 12 villages
    [24/30] Mandal: RAMASAMUDRAM — 18 villages
    [25/30] Mandal: RAYACHOTI — 19 villages
    [26/30] Mandal: SAMBEPALLE — 11 villages
    [27/30] Mandal: T SUNDUPALLE — no villages
      ✗ Village dropdown empty, skipping
    [28/30] Mandal: THAMBALLAPALLE — 18 villages
    [29/30] Mandal: VAYALPAD(Valmikipuram) — 17 villages
    [30/30] Mandal: VEERABALLE — no villages
      ✗ Village dropdown empty, skipping
    ✓ Progress saved (3645 total records)

  [5/27] District: BAPATLA
  ──────────────────────────────────────────────────
    Found 25 mandals
    [1/25] Mandal: ADDANKI — 1 villages
    [2/25] Mandal: AMRUTHALUR — 13 villages
    [3/25] Mandal: BALLIKURUVA — no villages
      ✗ Village dropdown empty, skipping
    [4/25] Mandal: BAPATLA — 21 villages
    [5/25] Mandal: BHATTIPROLU — 12 villages
    [6/25] Mandal: CHERUKUPALLE — 11 villages
    [7/25] Mandal: CHINAGANJAM — 7 villages
    [8/25] Mandal: CHIRALA — 16 villages
    [9/25] Mandal: INKOLLU — 9 villages
    [10/25] Mandal: JANAKAVARAMPANGULURU — no villages
      ✗ Village dropdown empty, skipping
    [11/25] Mandal: KARAMCHEDU — 8 villages
    [12/25] Mandal: KARLAPALEM — 5 villages
    [13/25] Mandal: KOLLUR — 12 villages
    [14/25] Mandal: KORISAPADU — 1 villages
    [15/25] Mandal: MARTUR — 13 villages
    [16/25] Mandal: NAGARAM — 13 villages
    [17/25] Mandal: NIZAMPATNAM — 8 villages
    [18/25] Mandal: PARCHUR — 14 villages
    [19/25] Mandal: PITTALAVANIPALEM — 6 villages
    [20/25] Mandal: REPALLE — 18 villages
    [21/25] Mandal: SANTHAMAGULURU — no villages
      ✗ Village dropdown empty, skipping
    [22/25] Mandal: TSUNDUR — 12 villages
    [23/25] Mandal: VEMURU — 12 villages
    [24/25] Mandal: VETAPALEM — 10 villages
    [25/25] Mandal: YEDDANAPUDI — 8 villages
    ✓ Progress saved (3875 total records)

  [6/27] District: CHITTOOR
  ──────────────────────────────────────────────────
    Found 32 mandals
    [1/32] Mandal: BAIREDDI PALLE — 25 villages
    [2/32] Mandal: BANGARUPALEM — 27 villages
    [3/32] Mandal: CHITTOOR — 26 villages
    [4/32] Mandal: CHITTOOR URBAN — 14 villages
    [5/32] Mandal: CHOWDEPALLE — 1 villages
    [6/32] Mandal: GANGADHARA NELLORE — 35 villages
    [7/32] Mandal: GANGAVARAM — 16 villages
    [8/32] Mandal: GUDI PALLE — 49 villages
    [9/32] Mandal: GUDIPALA — 31 villages
    [10/32] Mandal: IRALA — 18 villages
    [11/32] Mandal: KARVETINAGAR — 26 villages
    [12/32] Mandal: KUPPAM — 68 villages
    [13/32] Mandal: NAGARI — 32 villages
    [14/32] Mandal: NINDRA — 15 villages
    [15/32] Mandal: PALAMANER — 17 villages
    [16/32] Mandal: PALASAMUDRAM — 19 villages
    [17/32] Mandal: PEDDA PANJANI — 26 villages
    [18/32] Mandal: PENUMURU — 17 villages
    [19/32] Mandal: PULICHERLA — 15 villages
    [20/32] Mandal: PUNGANUR — 2 villages
    [21/32] Mandal: PUTHALAPATTU — 21 villages
    [22/32] Mandal: RAMA KUPPAM — 39 villages
    [23/32] Mandal: ROMPICHERLA — 7 villages
    [24/32] Mandal: SANTHI PURAM — 60 villages
    [25/32] Mandal: SODAM — no villages
      ✗ Village dropdown empty, skipping
    [26/32] Mandal: SOMALA — no villages
      ✗ Village dropdown empty, skipping
    [27/32] Mandal: SRIRANGARAJAPURAM — 38 villages
    [28/32] Mandal: THAVANAMPALLE — 24 villages
    [29/32] Mandal: VEDURU KUPPAM — 32 villages
    [30/32] Mandal: VENKATAGIRI KOTA — 33 villages
    [31/32] Mandal: VIJAYA PURAM — 18 villages
    [32/32] Mandal: YADAMARI — 24 villages
    ✓ Progress saved (4650 total records)

  [7/27] District: EAST GODAVARI
  ──────────────────────────────────────────────────
    Found 19 mandals
    [1/19] Mandal: ANAPARTHI — 9 villages
    [2/19] Mandal: BICCAVOLU — 14 villages
    [3/19] Mandal: CHAGALLU — 11 villages
    [4/19] Mandal: DEVARAPALLE — 13 villages
    [5/19] Mandal: GOKAVARAM — 15 villages
    [6/19] Mandal: GOPALAPURAM — 19 villages
    [7/19] Mandal: KADIAM — 7 villages
    [8/19] Mandal: KORUKONDA — 19 villages
    [9/19] Mandal: KOVVUR — 21 villages
    [10/19] Mandal: NALLAJERLA — 14 villages
    [11/19] Mandal: NIDADAVOLE — 27 villages
    [12/19] Mandal: PERAVALI — 14 villages
    [13/19] Mandal: RAJAMAHENDRAVARAM RURAL — 9 villages
    [14/19] Mandal: RAJAMAHENDRAVARAM URBAN — 1 villages
    [15/19] Mandal: RAJANAGARAM — 17 villages
    [16/19] Mandal: RANGAMPETA — 15 villages
    [17/19] Mandal: SEETHANAGARAM — 18 villages
    [18/19] Mandal: THALLAPUDI — 20 villages
    [19/19] Mandal: UNDRAJAVARAM — 16 villages
    ✓ Progress saved (4929 total records)

  [8/27] District: ELURU
  ──────────────────────────────────────────────────
    Found 29 mandals
    [1/29] Mandal: AGIRIPALLE — 23 villages
    [2/29] Mandal: BHIMADOLE — 11 villages
    [3/29] Mandal: BUTTAYAGUDEM — 44 villages
    [4/29] Mandal: CHATRAI — 16 villages
    [5/29] Mandal: CHINTALAPUDI — 38 villages
    [6/29] Mandal: DENDULURU — 26 villages
    [7/29] Mandal: DWARAKA TIRUMALA — 33 villages
    [8/29] Mandal: ELURU — 17 villages
    [9/29] Mandal: ELURU (URBAN) — 8 villages
    [10/29] Mandal: GANAPAVARAM — no villages
      ✗ Village dropdown empty, skipping
    [11/29] Mandal: JANGAREDDIGUDEM — 22 villages
    [12/29] Mandal: JEELUGUMILLI — 28 villages
    [13/29] Mandal: KAIKALUR — 23 villages
    [14/29] Mandal: KALIDINDI — 14 villages
    [15/29] Mandal: KAMAVARAPUKOTA — 17 villages
    [16/29] Mandal: KOYYALAGUDEM — 18 villages
    [17/29] Mandal: KUKUNOOR — 6 villages
    [18/29] Mandal: LINGAPALEM — 25 villages
    [19/29] Mandal: MANDAVALLI — 31 villages
    [20/29] Mandal: MUDINEPALLI — 33 villages
    [21/29] Mandal: MUSUNURU — 16 villages
    [22/29] Mandal: NIDAMARRU — 24 villages
    [23/29] Mandal: NUZVID — 26 villages
    [24/29] Mandal: PEDAPADU — 26 villages
    [25/29] Mandal: PEDAVEGI — 27 villages
    [26/29] Mandal: POLAVARAM — 23 villages
    [27/29] Mandal: T NARASAPURAM — 23 villages
    [28/29] Mandal: UNGUTURU — 18 villages
    [29/29] Mandal: VELAIRPADU — no villages
      ✗ Village dropdown empty, skipping
    ✓ Progress saved (5545 total records)

  [9/27] District: GUNTUR
  ──────────────────────────────────────────────────
    Found 18 mandals
    [1/18] Mandal: CHEBROLE — 11 villages
    [2/18] Mandal: DUGGIRALA — 14 villages
    [3/18] Mandal: Guntur East — 5 villages
    [4/18] Mandal: Guntur West — 15 villages
    [5/18] Mandal: KAKUMANU — 11 villages
    [6/18] Mandal: KOLLIPARA — 14 villages
    [7/18] Mandal: MANGALAGIRI — 12 villages
    [8/18] Mandal: MEDIKONDURU — 13 villages
    [9/18] Mandal: PEDAKAKANI — 10 villages
    [10/18] Mandal: PEDANANDIPADU — 12 villages
    [11/18] Mandal: PHIRANGIPURAM — 14 villages
    [12/18] Mandal: PONNUR — 20 villages
    [13/18] Mandal: PRATHIPADU — 10 villages
    [14/18] Mandal: TADIKONDA — 12 villages
    [15/18] Mandal: TENALI — 13 villages
    [16/18] Mandal: THADEPALLE — 9 villages
    [17/18] Mandal: THULLUR — 21 villages
    [18/18] Mandal: VATTICHERUKURU — 13 villages
    ✓ Progress saved (5774 total records)

  [10/27] District: KAKINADA
  ──────────────────────────────────────────────────
    Found 21 mandals
    [1/21] Mandal: GANDEPALLE — 13 villages
    [2/21] Mandal: GOLLAPROLU — 12 villages
    [3/21] Mandal: JAGGAMPETA — 19 villages
    [4/21] Mandal: KAJULURU — 20 villages
    [5/21] Mandal: KAKINADA (RURAL) — 15 villages
    [6/21] Mandal: KAKINADA (URBAN) — 4 villages
    [7/21] Mandal: KARAPA — 19 villages
    [8/21] Mandal: KIRLAMPUDI — 17 villages
    [9/21] Mandal: KOTANANDURU — 15 villages
    [10/21] Mandal: KOTHAPALLI — 16 villages
    [11/21] Mandal: PEDAPUDI — 18 villages
    [12/21] Mandal: PEDDAPURAM — 21 villages
    [13/21] Mandal: PITHAPURAM — 27 villages
    [14/21] Mandal: PRATHIPADU — 39 villages
    [15/21] Mandal: Rowthulapudi — 44 villages
    [16/21] Mandal: SAMALKOTA — 19 villages
    [17/21] Mandal: SANKHAVARAM — 31 villages
    [18/21] Mandal: THALLAREVU — 13 villages
    [19/21] Mandal: THONDANGI — 16 villages
    [20/21] Mandal: TUNI — 22 villages
    [21/21] Mandal: YELESWARAM — 12 villages
    ✓ Progress saved (6186 total records)

  [11/27] District: KONASEEMA
  ──────────────────────────────────────────────────
    Found 22 mandals
    [1/22] Mandal: AINAVILLI — 16 villages
    [2/22] Mandal: ALAMURU — 15 villages
    [3/22] Mandal: ALLAVARAM — 14 villages
    [4/22] Mandal: AMALAPURAM — 17 villages
    [5/22] Mandal: AMBAJIPETA — 13 villages
    [6/22] Mandal: ATREYAPURAM — 15 villages
    [7/22] Mandal: I POLAVARAM — 11 villages
    [8/22] Mandal: K.GANGAVARAM — 25 villages
    [9/22] Mandal: KAPILESWARAPURAM — no villages
      ✗ Village dropdown empty, skipping
    [10/22] Mandal: KATRENIKONA — 14 villages
    [11/22] Mandal: KOTHAPETA — 10 villages
    [12/22] Mandal: MALIKIPURAM — 11 villages
    [13/22] Mandal: MAMIDIKUDURU — 17 villages
    [14/22] Mandal: MANDAPETA — 1 villages
    [15/22] Mandal: MUMMIDIVARAM — 11 villages
    [16/22] Mandal: P GANNAVARAM — 19 villages
    [17/22] Mandal: RAMACHANDRAPURAM — 22 villages
    [18/22] Mandal: RAVULAPALEM — 11 villages
    [19/22] Mandal: RAYAVARAM — 1 villages
    [20/22] Mandal: RAZOLE — 13 villages
    [21/22] Mandal: SAKHINETIPALLE — 8 villages
    [22/22] Mandal: UPPALAGUPTAM — 14 villages
    ✓ Progress saved (6464 total records)

  [12/27] District: KRISHNA
  ──────────────────────────────────────────────────
    Found 26 mandals
    [1/26] Mandal: AVANIGADDA — 7 villages
    [2/26] Mandal: BANTUMILLI — 19 villages
    [3/26] Mandal: BAPULAPADU — 29 villages
    [4/26] Mandal: CHALLAPALLI — 12 villages
    [5/26] Mandal: GANNAVARAM — 25 villages
    [6/26] Mandal: GHANTASALA — 21 villages
    [7/26] Mandal: GUDIVADA — 32 villages
    [8/26] Mandal: GUDLAVALLERU — 24 villages
    [9/26] Mandal: GUDUR — 25 villages
    [10/26] Mandal: KANKIPADU — 19 villages
    [11/26] Mandal: KODURU — 9 villages
    [12/26] Mandal: KRUTHIVENNU — 15 villages
    [13/26] Mandal: MACHILIPATNAM — 27 villages
    [14/26] Mandal: MACHILIPATNAM (SOUTH) — 14 villages
    [15/26] Mandal: MOPIDEVI — 17 villages
    [16/26] Mandal: MOVVA — 17 villages
    [17/26] Mandal: NAGAYALANKA — 11 villages
    [18/26] Mandal: NANDIVADA — 22 villages
    [19/26] Mandal: PAMARRU — 26 villages
    [20/26] Mandal: PAMIDIMUKKALA — 28 villages
    [21/26] Mandal: PEDANA — 31 villages
    [22/26] Mandal: PEDAPARUPUDI — 18 villages
    [23/26] Mandal: PENAMALURU — 10 villages
    [24/26] Mandal: THOTLAVALLURU — 16 villages
    [25/26] Mandal: UNGUTURU — 30 villages
    [26/26] Mandal: VUYYURU — 13 villages
    ✓ Progress saved (6981 total records)

  [13/27] District: KURNOOL
  ──────────────────────────────────────────────────
    Found 27 mandals
    [1/27] Mandal: ADONI — 24 villages
    [2/27] Mandal: ALUR — 18 villages
    [3/27] Mandal: ASPARI — 20 villages
    [4/27] Mandal: C.BELAGAL — 10 villages
    [5/27] Mandal: CHIPPAGIRI — 14 villages
    [6/27] Mandal: DEVANAKONDA — 15 villages
    [7/27] Mandal: GONEGANDLA — 16 villages
    [8/27] Mandal: GUDUR — 11 villages
    [9/27] Mandal: GUDUR — no villages
      ✗ Village dropdown empty, skipping
    [10/27] Mandal: HALAHARVI — 24 villages
    [11/27] Mandal: HOLAGUNDA — 20 villages
    [12/27] Mandal: KALLUR — 21 villages
    [13/27] Mandal: KODUMUR — 10 villages
    [14/27] Mandal: KOSIGI — 28 villages
    [15/27] Mandal: KOWTHALAM — 35 villages
    [16/27] Mandal: KRISHNAGIRI — 15 villages
    [17/27] Mandal: KURNOOL Rural — 21 villages
    [18/27] Mandal: KURNOOL Urban — 4 villages
    [19/27] Mandal: MADDIKERA EAST — 8 villages
    [20/27] Mandal: MANTRALAYAM — 20 villages
    [21/27] Mandal: NANDAVARAM — 19 villages
    [22/27] Mandal: ORVAKAL — 20 villages
    [23/27] Mandal: PATTIKANDA — 11 villages
    [24/27] Mandal: PEDDA KADUBUR — 18 villages
    [25/27] Mandal: TUGGALI — 12 villages
    [26/27] Mandal: VELDURTHI — 16 villages
    [27/27] Mandal: YEMMIGANUR — 20 villages
    ✓ Progress saved (7431 total records)

  [14/27] District: MARKAPURAM
  ──────────────────────────────────────────────────
    Found 21 mandals
    [1/21] Mandal: ARDHAVEEDU — no villages
      ✗ Village dropdown empty, skipping
    [2/21] Mandal: BESTAVARIPETA — no villages
      ✗ Village dropdown empty, skipping
    [3/21] Mandal: CHADRASEKARAPURAM — 38 villages
    [4/21] Mandal: CUMBUM — no villages
      ✗ Village dropdown empty, skipping
    [5/21] Mandal: DORNALA — 8 villages
    [6/21] Mandal: GIDDALURU — no villages
      ✗ Village dropdown empty, skipping
    [7/21] Mandal: HANUMANTHUNIPADU — 27 villages
    [8/21] Mandal: KANIGIRI — 40 villages
    [9/21] Mandal: KOMAROLU — no villages
      ✗ Village dropdown empty, skipping
    [10/21] Mandal: KONAKANAMITLA — 34 villages
    [11/21] Mandal: MARKAPUR — no villages
      ✗ Village dropdown empty, skipping
    [12/21] Mandal: PAMUR — 29 villages
    [13/21] Mandal: PEDAARAVEEDU — 16 villages
    [14/21] Mandal: PEDACHERLOPALLE — 22 villages
    [15/21] Mandal: PODILI — 32 villages
    [16/21] Mandal: PULLALACHERUVU — 15 villages
    [17/21] Mandal: RACHERLA — no villages
      ✗ Village dropdown empty, skipping
    [18/21] Mandal: TARLAPADU — no villages
      ✗ Village dropdown empty, skipping
    [19/21] Mandal: TRIPURANTHAKAM — 18 villages
    [20/21] Mandal: VELIGANDLA — 26 villages
    [21/21] Mandal: YERRAGONDAPALEM — no villages
      ✗ Village dropdown empty, skipping
    ✓ Progress saved (7736 total records)

  [15/27] District: NANDYAL
  ──────────────────────────────────────────────────
    Found 29 mandals
    [1/29] Mandal: ALLAGADDA — 20 villages
    [2/29] Mandal: ATMAKUR — 10 villages
    [3/29] Mandal: BANAGANAPALLE — 39 villages
    [4/29] Mandal: BANDI ATMAKUR — 15 villages
    [5/29] Mandal: BETHAMCHERLA — 11 villages
    [6/29] Mandal: CHAGALAMARRI — 19 villages
    [7/29] Mandal: DHONE — 16 villages
    [8/29] Mandal: DORNIPADU — 9 villages
    [9/29] Mandal: GADIVEMULA — 14 villages
    [10/29] Mandal: GOSPADU — 15 villages
    [11/29] Mandal: JUPADU BUNGALOW — 11 villages
    [12/29] Mandal: KOILKUNTLA — 18 villages
    [13/29] Mandal: KOLIMIGUNDLA — 21 villages
    [14/29] Mandal: KOTHAPALLE — 13 villages
    [15/29] Mandal: MAHANANDI — 9 villages
    [16/29] Mandal: MIDTHUR — 17 villages
    [17/29] Mandal: NANDI KOTKUR — 12 villages
    [18/29] Mandal: NANDYAL — 13 villages
    [19/29] Mandal: NANDYAL (URBAN) — 7 villages
    [20/29] Mandal: OWK — 19 villages
    [21/29] Mandal: PAGIDYALA — 6 villages
    [22/29] Mandal: PAMULAPADU — 11 villages
    [23/29] Mandal: PANYAM — 18 villages
    [24/29] Mandal: PEAPALLY — 19 villages
    [25/29] Mandal: RUDRAVARAM — 19 villages
    [26/29] Mandal: SANJAMALA — 21 villages
    [27/29] Mandal: SIRVEL — 12 villages
    [28/29] Mandal: UYYALAWADA — 20 villages
    [29/29] Mandal: VELGODU — 7 villages
    ✓ Progress saved (8177 total records)

  [16/27] District: NTR
  ──────────────────────────────────────────────────
    Found 20 mandals
    [1/20] Mandal: A KONDURU — 13 villages
    [2/20] Mandal: CHANDARLAPADU — 23 villages
    [3/20] Mandal: G KONDURU — 27 villages
    [4/20] Mandal: GAMPALAGUDEM — 21 villages
    [5/20] Mandal: IBRAHIMPATNAM — 16 villages
    [6/20] Mandal: JAGGAYYAPETA — 25 villages
    [7/20] Mandal: KANCHIKA CHERLA — 16 villages
    [8/20] Mandal: MYLAVARAM — 18 villages
    [9/20] Mandal: NANDIGAMA — 26 villages
    [10/20] Mandal: PENUGANCHIPROLU — 13 villages
    [11/20] Mandal: REDDIGUDEM — 11 villages
    [12/20] Mandal: TIRUVURU — 19 villages
    [13/20] Mandal: VATSAVAI — 26 villages
    [14/20] Mandal: VEERULLAPADU — 26 villages
    [15/20] Mandal: VIJAYAWADA CENTRAL — 1 villages
    [16/20] Mandal: VIJAYAWADA EAST — 1 villages
    [17/20] Mandal: VIJAYAWADA NORTH — 1 villages
    [18/20] Mandal: VIJAYAWADA RURAL — 19 villages
    [19/20] Mandal: VIJAYAWADA WEST — 1 villages
    [20/20] Mandal: VISSANNAPET — 10 villages
    ✓ Progress saved (8490 total records)

  [17/27] District: PALNADU
  ──────────────────────────────────────────────────
    Found 28 mandals
    [1/28] Mandal: ACHAMPETA — 18 villages
    [2/28] Mandal: AMARAVATHI — 17 villages
    [3/28] Mandal: BELLAMKONDA — 13 villages
    [4/28] Mandal: BOLLAPALLE — 14 villages
    [5/28] Mandal: CHILAKALURIPET — 17 villages
    [6/28] Mandal: DACHEPALLE — 12 villages
    [7/28] Mandal: DURGI — 10 villages
    [8/28] Mandal: EDLAPADU — 13 villages
    [9/28] Mandal: GURAZALA — 10 villages
    [10/28] Mandal: IPURU — 13 villages
    [11/28] Mandal: KAREMPUDI — 11 villages
    [12/28] Mandal: KROSURU — 15 villages
    [13/28] Mandal: MACHAVARAM — 9 villages
    [14/28] Mandal: MACHERLA — 10 villages
    [15/28] Mandal: MUPPALLA — 10 villages
    [16/28] Mandal: NADENDLA — 11 villages
    [17/28] Mandal: NAKARIKALLU — 10 villages
    [18/28] Mandal: NARASARAOPETA — 18 villages
    [19/28] Mandal: NUZENDLA — 21 villages
    [20/28] Mandal: PEDAKURAPADU — 14 villages
    [21/28] Mandal: PIDUGURALLA — 10 villages
    [22/28] Mandal: RAJUPALEM — 8 villages
    [23/28] Mandal: RENTACHINTALA — 10 villages
    [24/28] Mandal: ROMPICHERLA    Error reading dropdown 'Village': Message: script timeout
  (Session info: chrome=145.0.7632.77)
Stacktrace:
#0 0x63dd01f26cca <unknown>
#1 0x63dd01936370 <unknown>
#2 0x63dd019d5121 <unknown>
#3 0x63dd019d404b <unknown>
#4 0x63dd0197d88f <unknown>
#5 0x63dd0197e651 <unknown>
#6 0x63dd01eeb119 <unknown>
#7 0x63dd01eee021 <unknown>
#8 0x63dd01ed78d9 <unknown>
#9 0x63dd01eeebee <unknown>
#10 0x63dd01ebdc50 <unknown>
#11 0x63dd01f13318 <unknown>
#12 0x63dd01f134e8 <unknown>
#13 0x63dd01f25313 <unknown>
#14 0x79d538c94ac3 <unknown>

 — 0 villages
    [25/28] Mandal: SATTENAPALLE    Failed to select Mandal=20: HTTPConnectionPool(host='localhost', port=60649): Read timed out. (read timeout=120)
 — 14 villages
    [26/28] Mandal: SAVALYAPURAM — 14 villages
    [27/28] Mandal: VELDURTHI — 14 villages
    [28/28] Mandal: VINUKONDA — 14 villages
    ✓ Progress saved (8840 total records)

  [18/27] District: PARVATIPURAM MANYAM
  ──────────────────────────────────────────────────
    Found 28 mandals
    [1/28] Mandal: ACHAMPETA — 14 villages
    [2/28] Mandal: AMARAVATHI — 14 villages
    [3/28] Mandal: BELLAMKONDA — 14 villages
    [4/28] Mandal: BOLLAPALLE — 14 villages
    [5/28] Mandal: CHILAKALURIPET — 14 villages
    [6/28] Mandal: DACHEPALLE — 14 villages
    [7/28] Mandal: DURGI — 14 villages
    [8/28] Mandal: EDLAPADU — 14 villages
    [9/28] Mandal: GURAZALA — 14 villages
    [10/28] Mandal: IPURU — 14 villages
    [11/28] Mandal: KAREMPUDI — 14 villages
    [12/28] Mandal: KROSURU — 14 villages
    [13/28] Mandal: MACHAVARAM — 14 villages
    [14/28] Mandal: MACHERLA — 14 villages
    [15/28] Mandal: MUPPALLA — 14 villages
    [16/28] Mandal: NADENDLA — 14 villages
    [17/28] Mandal: NAKARIKALLU — 14 villages
    [18/28] Mandal: NARASARAOPETA — 14 villages
    [19/28] Mandal: NUZENDLA — 14 villages
    [20/28] Mandal: PEDAKURAPADU — 14 villages
    [21/28] Mandal: PIDUGURALLA — 14 villages
    [22/28] Mandal: RAJUPALEM — 14 villages
    [23/28] Mandal: RENTACHINTALA — 14 villages
    [24/28] Mandal: ROMPICHERLA — 14 villages
    [25/28] Mandal: SATTENAPALLE — 14 villages
    [26/28] Mandal: SAVALYAPURAM — 14 villages
    [27/28] Mandal: VELDURTHI — 14 villages
    [28/28] Mandal: VINUKONDA — 14 villages
    ✓ Progress saved (9232 total records)

  [19/27] District: PRAKASAM
  ──────────────────────────────────────────────────
    Found 28 mandals
    [1/28] Mandal: ACHAMPETA — 14 villages
    [2/28] Mandal: AMARAVATHI — 14 villages
    [3/28] Mandal: BELLAMKONDA — 14 villages
    [4/28] Mandal: BOLLAPALLE — 14 villages
    [5/28] Mandal: CHILAKALURIPET — 14 villages
    [6/28] Mandal: DACHEPALLE — 14 villages
    [7/28] Mandal: DURGI — 14 villages
    [8/28] Mandal: EDLAPADU — 14 villages
    [9/28] Mandal: GURAZALA — 14 villages
    [10/28] Mandal: IPURU — 14 villages
    [11/28] Mandal: KAREMPUDI — 14 villages
    [12/28] Mandal: KROSURU — 14 villages
    [13/28] Mandal: MACHAVARAM — 14 villages
    [14/28] Mandal: MACHERLA — 14 villages
    [15/28] Mandal: MUPPALLA — 14 villages
    [16/28] Mandal: NADENDLA — 14 villages
    [17/28] Mandal: NAKARIKALLU — 14 villages
    [18/28] Mandal: NARASARAOPETA — 14 villages
    [19/28] Mandal: NUZENDLA — 14 villages
    [20/28] Mandal: PEDAKURAPADU — 14 villages
    [21/28] Mandal: PIDUGURALLA — 14 villages
    [22/28] Mandal: RAJUPALEM — 14 villages
    [23/28] Mandal: RENTACHINTALA — 14 villages
    [24/28] Mandal: ROMPICHERLA — 14 villages
    [25/28] Mandal: SATTENAPALLE — 14 villages
    [26/28] Mandal: SAVALYAPURAM — 14 villages
    [27/28] Mandal: VELDURTHI — 14 villages
    [28/28] Mandal: VINUKONDA — 14 villages
    ✓ Progress saved (9624 total records)

  [20/27] District: SPSR NELLORE
  ──────────────────────────────────────────────────
    Found 28 mandals
    [1/28] Mandal: ACHAMPETA — 14 villages
    [2/28] Mandal: AMARAVATHI — 14 villages
    [3/28] Mandal: BELLAMKONDA — 14 villages
    [4/28] Mandal: BOLLAPALLE — 14 villages
    [5/28] Mandal: CHILAKALURIPET — 14 villages
    [6/28] Mandal: DACHEPALLE — 14 villages
    [7/28] Mandal: DURGI — 14 villages
    [8/28] Mandal: EDLAPADU — 14 villages
    [9/28] Mandal: GURAZALA — 14 villages
    [10/28] Mandal: IPURU — 14 villages
    [11/28] Mandal: KAREMPUDI — 14 villages
    [12/28] Mandal: KROSURU — 14 villages
    [13/28] Mandal: MACHAVARAM — 14 villages
    [14/28] Mandal: MACHERLA — 14 villages
    [15/28] Mandal: MUPPALLA — 14 villages
    [16/28] Mandal: NADENDLA — 14 villages
    [17/28] Mandal: NAKARIKALLU — 14 villages
    [18/28] Mandal: NARASARAOPETA — 14 villages
    [19/28] Mandal: NUZENDLA — 14 villages
    [20/28] Mandal: PEDAKURAPADU — 14 villages
    [21/28] Mandal: PIDUGURALLA — 14 villages
    [22/28] Mandal: RAJUPALEM — 14 villages
    [23/28] Mandal: RENTACHINTALA — 14 villages
    [24/28] Mandal: ROMPICHERLA — 14 villages
    [25/28] Mandal: SATTENAPALLE — 14 villages
    [26/28] Mandal: SAVALYAPURAM — 14 villages
    [27/28] Mandal: VELDURTHI — 14 villages
    [28/28] Mandal: VINUKONDA — 14 villages
    ✓ Progress saved (10016 total records)

  [21/27] District: SRI SATHYA SAI
  ──────────────────────────────────────────────────
    Found 28 mandals
    [1/28] Mandal: ACHAMPETA — 14 villages
    [2/28] Mandal: AMARAVATHI — 14 villages
    [3/28] Mandal: BELLAMKONDA — 14 villages
    [4/28] Mandal: BOLLAPALLE — 14 villages
    [5/28] Mandal: CHILAKALURIPET — 14 villages
    [6/28] Mandal: DACHEPALLE — 14 villages
    [7/28] Mandal: DURGI — 14 villages
    [8/28] Mandal: EDLAPADU — 14 villages
    [9/28] Mandal: GURAZALA — 14 villages
    [10/28] Mandal: IPURU — 14 villages
    [11/28] Mandal: KAREMPUDI — 14 villages
    [12/28] Mandal: KROSURU — 14 villages
    [13/28] Mandal: MACHAVARAM — 14 villages
    [14/28] Mandal: MACHERLA — 14 villages
    [15/28] Mandal: MUPPALLA — 14 villages
    [16/28] Mandal: NADENDLA — 14 villages
    [17/28] Mandal: NAKARIKALLU — 14 villages
    [18/28] Mandal: NARASARAOPETA — 14 villages
    [19/28] Mandal: NUZENDLA — 14 villages
    [20/28] Mandal: PEDAKURAPADU — 14 villages
    [21/28] Mandal: PIDUGURALLA — 14 villages
    [22/28] Mandal: RAJUPALEM — 14 villages
    [23/28] Mandal: RENTACHINTALA — 14 villages
    [24/28] Mandal: ROMPICHERLA — 14 villages
    [25/28] Mandal: SATTENAPALLE — 14 villages
    [26/28] Mandal: SAVALYAPURAM — 14 villages
    [27/28] Mandal: VELDURTHI — 14 villages
    [28/28] Mandal: VINUKONDA — 14 villages
    ✓ Progress saved (10408 total records)

  [22/27] District: SRIKAKULAM
  ──────────────────────────────────────────────────
    Found 28 mandals
    [1/28] Mandal: ACHAMPETA — 14 villages
    [2/28] Mandal: AMARAVATHI — 14 villages
    [3/28] Mandal: BELLAMKONDA — 14 villages
    [4/28] Mandal: BOLLAPALLE — 14 villages
    [5/28] Mandal: CHILAKALURIPET — 14 villages
    [6/28] Mandal: DACHEPALLE — 14 villages
    [7/28] Mandal: DURGI — 14 villages
    [8/28] Mandal: EDLAPADU — 14 villages
    [9/28] Mandal: GURAZALA — 14 villages
    [10/28] Mandal: IPURU — 14 villages
    [11/28] Mandal: KAREMPUDI — 14 villages
    [12/28] Mandal: KROSURU — 14 villages
    [13/28] Mandal: MACHAVARAM — 14 villages
    [14/28] Mandal: MACHERLA — 14 villages
    [15/28] Mandal: MUPPALLA — 14 villages
    [16/28] Mandal: NADENDLA — 14 villages
    [17/28] Mandal: NAKARIKALLU — 14 villages
    [18/28] Mandal: NARASARAOPETA — 14 villages
    [19/28] Mandal: NUZENDLA — 14 villages
    [20/28] Mandal: PEDAKURAPADU — 14 villages
    [21/28] Mandal: PIDUGURALLA — 14 villages
    [22/28] Mandal: RAJUPALEM — 14 villages
    [23/28] Mandal: RENTACHINTALA — 14 villages
    [24/28] Mandal: ROMPICHERLA — 14 villages
    [25/28] Mandal: SATTENAPALLE — 14 villages
    [26/28] Mandal: SAVALYAPURAM — 14 villages
    [27/28] Mandal: VELDURTHI — 14 villages
    [28/28] Mandal: VINUKONDA — 14 villages
    ✓ Progress saved (10800 total records)

  [23/27] District: TIRUPATI
  ──────────────────────────────────────────────────
    Found 28 mandals
    [1/28] Mandal: ACHAMPETA — 14 villages
    [2/28] Mandal: AMARAVATHI — 14 villages
    [3/28] Mandal: BELLAMKONDA — 14 villages
    [4/28] Mandal: BOLLAPALLE — 14 villages
    [5/28] Mandal: CHILAKALURIPET — 14 villages
    [6/28] Mandal: DACHEPALLE — 14 villages
    [7/28] Mandal: DURGI — 14 villages
    [8/28] Mandal: EDLAPADU — 14 villages
    [9/28] Mandal: GURAZALA — 14 villages
    [10/28] Mandal: IPURU — 14 villages
    [11/28] Mandal: KAREMPUDI — 14 villages
    [12/28] Mandal: KROSURU — 14 villages
    [13/28] Mandal: MACHAVARAM — 14 villages
    [14/28] Mandal: MACHERLA — 14 villages
    [15/28] Mandal: MUPPALLA — 14 villages
    [16/28] Mandal: NADENDLA — 14 villages
    [17/28] Mandal: NAKARIKALLU — 14 villages
    [18/28] Mandal: NARASARAOPETA — 14 villages
    [19/28] Mandal: NUZENDLA — 14 villages
    [20/28] Mandal: PEDAKURAPADU — 14 villages
    [21/28] Mandal: PIDUGURALLA — 14 villages
    [22/28] Mandal: RAJUPALEM — 14 villages
    [23/28] Mandal: RENTACHINTALA — 14 villages
    [24/28] Mandal: ROMPICHERLA — 14 villages
    [25/28] Mandal: SATTENAPALLE — 14 villages
    [26/28] Mandal: SAVALYAPURAM — 14 villages
    [27/28] Mandal: VELDURTHI — 14 villages
    [28/28] Mandal: VINUKONDA — 14 villages
    ✓ Progress saved (11192 total records)

  [24/27] District: VISAKHAPATNAM
  ──────────────────────────────────────────────────
    Found 28 mandals
    [1/28] Mandal: ACHAMPETA — 14 villages
    [2/28] Mandal: AMARAVATHI — 14 villages
    [3/28] Mandal: BELLAMKONDA — 14 villages
    [4/28] Mandal: BOLLAPALLE — 14 villages
    [5/28] Mandal: CHILAKALURIPET — 14 villages
    [6/28] Mandal: DACHEPALLE — 14 villages
    [7/28] Mandal: DURGI — 14 villages
    [8/28] Mandal: EDLAPADU — 14 villages
    [9/28] Mandal: GURAZALA — 14 villages
    [10/28] Mandal: IPURU — 14 villages
    [11/28] Mandal: KAREMPUDI — 14 villages
    [12/28] Mandal: KROSURU — 14 villages
    [13/28] Mandal: MACHAVARAM — 14 villages
    [14/28] Mandal: MACHERLA — 14 villages
    [15/28] Mandal: MUPPALLA — 14 villages
    [16/28] Mandal: NADENDLA — 14 villages
    [17/28] Mandal: NAKARIKALLU — 14 villages
    [18/28] Mandal: NARASARAOPETA — 14 villages
    [19/28] Mandal: NUZENDLA — 14 villages
    [20/28] Mandal: PEDAKURAPADU — 14 villages
    [21/28] Mandal: PIDUGURALLA — 14 villages
    [22/28] Mandal: RAJUPALEM — 14 villages
    [23/28] Mandal: RENTACHINTALA — 14 villages
    [24/28] Mandal: ROMPICHERLA — 14 villages
    [25/28] Mandal: SATTENAPALLE — 14 villages
    [26/28] Mandal: SAVALYAPURAM — 14 villages
    [27/28] Mandal: VELDURTHI — 14 villages
    [28/28] Mandal: VINUKONDA — 14 villages
    ✓ Progress saved (11584 total records)

  [25/27] District: VIZIANAGARAM
  ──────────────────────────────────────────────────
    Found 28 mandals
    [1/28] Mandal: ACHAMPETA — 14 villages
    [2/28] Mandal: AMARAVATHI — 14 villages
    [3/28] Mandal: BELLAMKONDA — 14 villages
    [4/28] Mandal: BOLLAPALLE — 14 villages
    [5/28] Mandal: CHILAKALURIPET — 14 villages
    [6/28] Mandal: DACHEPALLE — 14 villages
    [7/28] Mandal: DURGI — 14 villages
    [8/28] Mandal: EDLAPADU — 14 villages
    [9/28] Mandal: GURAZALA — 14 villages
    [10/28] Mandal: IPURU — 14 villages
    [11/28] Mandal: KAREMPUDI — 14 villages
    [12/28] Mandal: KROSURU — 14 villages
    [13/28] Mandal: MACHAVARAM — 14 villages
    [14/28] Mandal: MACHERLA — 14 villages
    [15/28] Mandal: MUPPALLA — 14 villages
    [16/28] Mandal: NADENDLA — 14 villages
    [17/28] Mandal: NAKARIKALLU — 14 villages
    [18/28] Mandal: NARASARAOPETA — 14 villages
    [19/28] Mandal: NUZENDLA — 14 villages
    [20/28] Mandal: PEDAKURAPADU — 14 villages
    [21/28] Mandal: PIDUGURALLA — 14 villages
    [22/28] Mandal: RAJUPALEM — 14 villages
    [23/28] Mandal: RENTACHINTALA — 14 villages
    [24/28] Mandal: ROMPICHERLA — 14 villages
    [25/28] Mandal: SATTENAPALLE — 14 villages
    [26/28] Mandal: SAVALYAPURAM — 14 villages
    [27/28] Mandal: VELDURTHI — 14 villages
    [28/28] Mandal: VINUKONDA — 14 villages
    ✓ Progress saved (11976 total records)

  [26/27] District: WEST GODAVARI
  ──────────────────────────────────────────────────
    Found 28 mandals
    [1/28] Mandal: ACHAMPETA — 14 villages
    [2/28] Mandal: AMARAVATHI — 14 villages
    [3/28] Mandal: BELLAMKONDA — 14 villages
    [4/28] Mandal: BOLLAPALLE — 14 villages
    [5/28] Mandal: CHILAKALURIPET — 14 villages
    [6/28] Mandal: DACHEPALLE — 14 villages
    [7/28] Mandal: DURGI — 14 villages
    [8/28] Mandal: EDLAPADU — 14 villages
    [9/28] Mandal: GURAZALA — 14 villages
    [10/28] Mandal: IPURU — 14 villages
    [11/28] Mandal: KAREMPUDI — 14 villages
    [12/28] Mandal: KROSURU — 14 villages
    [13/28] Mandal: MACHAVARAM — 14 villages
    [14/28] Mandal: MACHERLA — 14 villages
    [15/28] Mandal: MUPPALLA — 14 villages
    [16/28] Mandal: NADENDLA — 14 villages
    [17/28] Mandal: NAKARIKALLU — 14 villages
    [18/28] Mandal: NARASARAOPETA — 14 villages
    [19/28] Mandal: NUZENDLA — 14 villages
    [20/28] Mandal: PEDAKURAPADU — 14 villages
    [21/28] Mandal: PIDUGURALLA — 14 villages
    [22/28] Mandal: RAJUPALEM — 14 villages
    [23/28] Mandal: RENTACHINTALA — 14 villages
    [24/28] Mandal: ROMPICHERLA — 14 villages
    [25/28] Mandal: SATTENAPALLE — 14 villages
    [26/28] Mandal: SAVALYAPURAM — 14 villages
    [27/28] Mandal: VELDURTHI — 14 villages
    [28/28] Mandal: VINUKONDA — 14 villages
    ✓ Progress saved (12368 total records)

  [27/27] District: YSR KADAPA
  ──────────────────────────────────────────────────
    Found 28 mandals
    [1/28] Mandal: ACHAMPETA — 14 villages
    [2/28] Mandal: AMARAVATHI — 14 villages
    [3/28] Mandal: BELLAMKONDA — 14 villages
    [4/28] Mandal: BOLLAPALLE — 14 villages
    [5/28] Mandal: CHILAKALURIPET — 14 villages
    [6/28] Mandal: DACHEPALLE — 14 villages
    [7/28] Mandal: DURGI — 14 villages
    [8/28] Mandal: EDLAPADU — 14 villages
    [9/28] Mandal: GURAZALA — 14 villages
    [10/28] Mandal: IPURU — 14 villages
    [11/28] Mandal: KAREMPUDI — 14 villages
    [12/28] Mandal: KROSURU — 14 villages
    [13/28] Mandal: MACHAVARAM — 14 villages
    [14/28] Mandal: MACHERLA — 14 villages
    [15/28] Mandal: MUPPALLA — 14 villages
    [16/28] Mandal: NADENDLA — 14 villages
    [17/28] Mandal: NAKARIKALLU — 14 villages
    [18/28] Mandal: NARASARAOPETA — 14 villages
    [19/28] Mandal: NUZENDLA — 14 villages
    [20/28] Mandal: PEDAKURAPADU — 14 villages
    [21/28] Mandal: PIDUGURALLA — 14 villages
    [22/28] Mandal: RAJUPALEM — 14 villages
    [23/28] Mandal: RENTACHINTALA — 14 villages
    [24/28] Mandal: ROMPICHERLA — 14 villages
    [25/28] Mandal: SATTENAPALLE — 14 villages
    [26/28] Mandal: SAVALYAPURAM — 14 villages
    [27/28] Mandal: VELDURTHI — 14 villages
    [28/28] Mandal: VINUKONDA — 14 villages
    ✓ Progress saved (12760 total records)

  ✓ CSV saved:   ./data/master_list_rural_20260220_084851.csv
  ✓ Excel saved: ./data/master_list_rural_20260220_084851.xlsx

============================================================
  SUMMARY
============================================================
  Total Districts: 27
  Total Mandals:   667
  Total Villages:  12760
============================================================

  Per-District Breakdown:
    ALLURI SITHARAMA RAJU: 11 mandals, 2102 villages
    ANAKAPALLI: 24 mandals, 738 villages
    ANANTAPUR: 32 mandals, 504 villages
    ANNAMAYYA: 22 mandals, 301 villages
    BAPATLA: 22 mandals, 230 villages
    CHITTOOR: 30 mandals, 775 villages
    EAST GODAVARI: 19 mandals, 279 villages
    ELURU: 27 mandals, 616 villages
    GUNTUR: 18 mandals, 229 villages
    KAKINADA: 21 mandals, 412 villages
    KONASEEMA: 21 mandals, 278 villages
    KRISHNA: 26 mandals, 517 villages
    KURNOOL: 26 mandals, 450 villages
    MARKAPURAM: 12 mandals, 305 villages
    NANDYAL: 29 mandals, 441 villages
    NTR: 20 mandals, 313 villages
    PALNADU: 27 mandals, 350 villages
    PARVATIPURAM MANYAM: 28 mandals, 392 villages
    PRAKASAM: 28 mandals, 392 villages
    SPSR NELLORE: 28 mandals, 392 villages
    SRI SATHYA SAI: 28 mandals, 392 villages
    SRIKAKULAM: 28 mandals, 392 villages
    TIRUPATI: 28 mandals, 392 villages
    VISAKHAPATNAM: 28 mandals, 392 villages
    VIZIANAGARAM: 28 mandals, 392 villages
    WEST GODAVARI: 28 mandals, 392 villages
    YSR KADAPA: 28 mandals, 392 villages

  Progress file cleaned up.

  Browser closed.
